Start testing: Mar 29 05:49 PDT
----------------------------------------------------------
1/1 Testing: MathTest.AddPositiveNumbers
1/1 Test: MathTest.AddPositiveNumbers
Command: "/home/jam/Desktop/GMID-Designer/cpp/build/bin/test_math" "--gtest_filter=MathTest.AddPositiveNumbers" "--gtest_also_run_disabled_tests"
Directory: /home/jam/Desktop/GMID-Designer/cpp/build/tests
"MathTest.AddPositiveNumbers" start time: Mar 29 05:49 PDT
Output:
----------------------------------------------------------
Running main() from /home/jam/Desktop/GMID-Designer/cpp/build/_deps/googletest-src/googletest/src/gtest_main.cc
Note: Google Test filter = MathTest.AddPositiveNumbers
[==========] Running 1 test from 1 test suite.
[----------] Global test environment set-up.
[----------] 1 test from MathTest
[ RUN      ] MathTest.AddPositiveNumbers
[       OK ] MathTest.AddPositiveNumbers (0 ms)
[----------] 1 test from MathTest (0 ms total)

[----------] Global test environment tear-down
[==========] 1 test from 1 test suite ran. (0 ms total)
[  PASSED  ] 1 test.
<end of output>
Test time =   0.00 sec
----------------------------------------------------------
Test Passed.
"MathTest.AddPositiveNumbers" end time: Mar 29 05:49 PDT
"MathTest.AddPositiveNumbers" time elapsed: 00:00:00
----------------------------------------------------------

End testing: Mar 29 05:49 PDT
